2019-10-31 12:12:11 INFO  Wunderlist:17 - get_all_info
2019-10-31 12:12:14 INFO  Wunderlist:64 - check_content_type
2019-10-31 12:12:14 INFO  Wunderlist:66 - Content Type =text/html; charset=utf-8
2019-10-31 12:12:14 INFO  Wunderlist:27 - check_response
2019-10-31 12:12:14 INFO  Wunderlist:29 - Response =<!DOCTYPE html>
<html>
<head>
  <title>The page you were looking for doesn't exist (404)</title>
  <style>
  body {
    background-color: #EFEFEF;
    color: #2E2F30;
    text-align: center;
    font-family: arial, sans-serif;
  }

  div.dialog {
    width: 25em;
    margin: 4em auto 0 auto;
    border: 1px solid #CCC;
    border-right-color: #999;
    border-left-color: #999;
    border-bottom-color: #BBB;
    border-top: #B00100 solid 4px;
    border-top-left-radius: 9px;
    border-top-right-radius: 9px;
    background-color: white;
    padding: 7px 4em 0 4em;
  }

  h1 {
    font-size: 100%;
    color: #730E15;
    line-height: 1.5em;
  }

  body > p {
    width: 33em;
    margin: 0 auto 1em;
    padding: 1em 0;
    background-color: #F7F7F7;
    border: 1px solid #CCC;
    border-right-color: #999;
    border-bottom-color: #999;
    border-bottom-left-radius: 4px;
    border-bottom-right-radius: 4px;
    border-top-color: #DADADA;
    color: #666;
    box-shadow:0 3px 8px rgba(50, 50, 50, 0.17);
  }
  </style>
</head>

<body>
  <!-- This file lives in public/404.html -->
  <div class="dialog">
    <h1>The page you were looking for doesn't exist.</h1>
    <p>You may have mistyped the address or the page may have moved.</p>
  </div>
  <p>If you are the application owner check the logs for more information.</p>
</body>
</html>

2019-10-31 12:12:14 INFO  Wunderlist:45 - check_responsetime
2019-10-31 12:12:14 INFO  Wunderlist:47 - Response Time =2239
2019-10-31 12:12:14 INFO  Wunderlist:36 - check_statuscode
2019-10-31 12:12:14 INFO  Wunderlist:38 - Status Code =404
2019-10-31 12:12:14 INFO  Wunderlist:55 - check_statusline
2019-10-31 12:12:14 INFO  Wunderlist:57 - Status Line =HTTP/1.1 404 Not Found
2019-10-31 12:12:14 INFO  Wunderlist:72 - stop_all_info
2019-10-31 12:19:14 INFO  Wunderlist:17 - get_all_info
2019-10-31 12:19:14 INFO  Wunderlist:64 - check_content_type
2019-10-31 12:19:14 INFO  Wunderlist:27 - check_response
2019-10-31 12:19:14 INFO  Wunderlist:45 - check_responsetime
2019-10-31 12:19:14 INFO  Wunderlist:36 - check_statuscode
2019-10-31 12:19:14 INFO  Wunderlist:55 - check_statusline
2019-10-31 12:19:14 INFO  Wunderlist:72 - stop_all_info
2019-10-31 12:31:57 INFO  Wunderlist:17 - get_all_info
2019-10-31 12:31:58 INFO  Wunderlist:64 - check_content_type
2019-10-31 12:31:58 INFO  Wunderlist:45 - check_responsetime
2019-10-31 12:31:58 INFO  Wunderlist:36 - check_statuscode
2019-10-31 12:31:58 INFO  Wunderlist:55 - check_statusline
2019-10-31 12:31:58 INFO  Wunderlist:27 - check_response
2019-10-31 12:31:58 INFO  Wunderlist:72 - stop_all_info
2019-10-31 12:32:44 INFO  Wunderlist:17 - get_all_info
2019-10-31 12:32:47 INFO  Wunderlist:64 - check_content_type
2019-10-31 12:32:47 INFO  Wunderlist:66 - Content Type =text/html; charset=utf-8
2019-10-31 12:32:47 INFO  Wunderlist:45 - check_responsetime
2019-10-31 12:32:47 INFO  Wunderlist:47 - Response Time =1709
2019-10-31 12:32:47 INFO  Wunderlist:36 - check_statuscode
2019-10-31 12:32:47 INFO  Wunderlist:38 - Status Code =404
2019-10-31 12:32:47 INFO  Wunderlist:55 - check_statusline
2019-10-31 12:32:47 INFO  Wunderlist:57 - Status Line =HTTP/1.1 404 Not Found
2019-10-31 12:32:47 INFO  Wunderlist:27 - check_response
2019-10-31 12:32:47 INFO  Wunderlist:29 - Response =<!DOCTYPE html>
<html>
<head>
  <title>The page you were looking for doesn't exist (404)</title>
  <style>
  body {
    background-color: #EFEFEF;
    color: #2E2F30;
    text-align: center;
    font-family: arial, sans-serif;
  }

  div.dialog {
    width: 25em;
    margin: 4em auto 0 auto;
    border: 1px solid #CCC;
    border-right-color: #999;
    border-left-color: #999;
    border-bottom-color: #BBB;
    border-top: #B00100 solid 4px;
    border-top-left-radius: 9px;
    border-top-right-radius: 9px;
    background-color: white;
    padding: 7px 4em 0 4em;
  }

  h1 {
    font-size: 100%;
    color: #730E15;
    line-height: 1.5em;
  }

  body > p {
    width: 33em;
    margin: 0 auto 1em;
    padding: 1em 0;
    background-color: #F7F7F7;
    border: 1px solid #CCC;
    border-right-color: #999;
    border-bottom-color: #999;
    border-bottom-left-radius: 4px;
    border-bottom-right-radius: 4px;
    border-top-color: #DADADA;
    color: #666;
    box-shadow:0 3px 8px rgba(50, 50, 50, 0.17);
  }
  </style>
</head>

<body>
  <!-- This file lives in public/404.html -->
  <div class="dialog">
    <h1>The page you were looking for doesn't exist.</h1>
    <p>You may have mistyped the address or the page may have moved.</p>
  </div>
  <p>If you are the application owner check the logs for more information.</p>
</body>
</html>

2019-10-31 12:32:47 INFO  Wunderlist:72 - stop_all_info
2019-10-31 12:39:35 INFO  Wunderlist:17 - get_all_info
2019-10-31 12:39:37 INFO  Wunderlist:64 - check_content_type
2019-10-31 12:39:37 INFO  Wunderlist:66 - Content Type =text/html; charset=utf-8
2019-10-31 12:39:37 INFO  Wunderlist:45 - check_responsetime
2019-10-31 12:39:37 INFO  Wunderlist:47 - Response Time =1742
2019-10-31 12:39:37 INFO  Wunderlist:36 - check_statuscode
2019-10-31 12:39:37 INFO  Wunderlist:38 - Status Code =404
2019-10-31 12:39:37 INFO  Wunderlist:55 - check_statusline
2019-10-31 12:39:37 INFO  Wunderlist:57 - Status Line =HTTP/1.1 404 Not Found
2019-10-31 12:39:37 INFO  Wunderlist:27 - check_response
2019-10-31 12:39:37 INFO  Wunderlist:29 - Response =<!DOCTYPE html>
<html>
<head>
  <title>The page you were looking for doesn't exist (404)</title>
  <style>
  body {
    background-color: #EFEFEF;
    color: #2E2F30;
    text-align: center;
    font-family: arial, sans-serif;
  }

  div.dialog {
    width: 25em;
    margin: 4em auto 0 auto;
    border: 1px solid #CCC;
    border-right-color: #999;
    border-left-color: #999;
    border-bottom-color: #BBB;
    border-top: #B00100 solid 4px;
    border-top-left-radius: 9px;
    border-top-right-radius: 9px;
    background-color: white;
    padding: 7px 4em 0 4em;
  }

  h1 {
    font-size: 100%;
    color: #730E15;
    line-height: 1.5em;
  }

  body > p {
    width: 33em;
    margin: 0 auto 1em;
    padding: 1em 0;
    background-color: #F7F7F7;
    border: 1px solid #CCC;
    border-right-color: #999;
    border-bottom-color: #999;
    border-bottom-left-radius: 4px;
    border-bottom-right-radius: 4px;
    border-top-color: #DADADA;
    color: #666;
    box-shadow:0 3px 8px rgba(50, 50, 50, 0.17);
  }
  </style>
</head>

<body>
  <!-- This file lives in public/404.html -->
  <div class="dialog">
    <h1>The page you were looking for doesn't exist.</h1>
    <p>You may have mistyped the address or the page may have moved.</p>
  </div>
  <p>If you are the application owner check the logs for more information.</p>
</body>
</html>

2019-10-31 12:39:37 INFO  Wunderlist:72 - stop_all_info
2019-10-31 12:40:09 INFO  Wunderlist:17 - get_all_info
2019-10-31 12:40:12 INFO  Wunderlist:64 - check_content_type
2019-10-31 12:40:12 INFO  Wunderlist:66 - Content Type =text/html; charset=utf-8
2019-10-31 12:40:12 INFO  Wunderlist:45 - check_responsetime
2019-10-31 12:40:12 INFO  Wunderlist:47 - Response Time =2141
2019-10-31 12:40:12 INFO  Wunderlist:36 - check_statuscode
2019-10-31 12:40:12 INFO  Wunderlist:38 - Status Code =404
2019-10-31 12:40:12 INFO  Wunderlist:55 - check_statusline
2019-10-31 12:40:12 INFO  Wunderlist:57 - Status Line =HTTP/1.1 404 Not Found
2019-10-31 12:40:12 INFO  Wunderlist:27 - check_response
2019-10-31 12:40:12 INFO  Wunderlist:29 - Response =<!DOCTYPE html>
<html>
<head>
  <title>The page you were looking for doesn't exist (404)</title>
  <style>
  body {
    background-color: #EFEFEF;
    color: #2E2F30;
    text-align: center;
    font-family: arial, sans-serif;
  }

  div.dialog {
    width: 25em;
    margin: 4em auto 0 auto;
    border: 1px solid #CCC;
    border-right-color: #999;
    border-left-color: #999;
    border-bottom-color: #BBB;
    border-top: #B00100 solid 4px;
    border-top-left-radius: 9px;
    border-top-right-radius: 9px;
    background-color: white;
    padding: 7px 4em 0 4em;
  }

  h1 {
    font-size: 100%;
    color: #730E15;
    line-height: 1.5em;
  }

  body > p {
    width: 33em;
    margin: 0 auto 1em;
    padding: 1em 0;
    background-color: #F7F7F7;
    border: 1px solid #CCC;
    border-right-color: #999;
    border-bottom-color: #999;
    border-bottom-left-radius: 4px;
    border-bottom-right-radius: 4px;
    border-top-color: #DADADA;
    color: #666;
    box-shadow:0 3px 8px rgba(50, 50, 50, 0.17);
  }
  </style>
</head>

<body>
  <!-- This file lives in public/404.html -->
  <div class="dialog">
    <h1>The page you were looking for doesn't exist.</h1>
    <p>You may have mistyped the address or the page may have moved.</p>
  </div>
  <p>If you are the application owner check the logs for more information.</p>
</body>
</html>

2019-10-31 12:40:12 INFO  Wunderlist:72 - stop_all_info
2019-10-31 12:41:03 INFO  Wunderlist:17 - get_all_info
2019-10-31 12:41:06 INFO  Wunderlist:64 - check_content_type
2019-10-31 12:41:06 INFO  Wunderlist:66 - Content Type =text/html; charset=utf-8
2019-10-31 12:41:06 INFO  Wunderlist:45 - check_responsetime
2019-10-31 12:41:06 INFO  Wunderlist:47 - Response Time =1874
2019-10-31 12:41:06 INFO  Wunderlist:36 - check_statuscode
2019-10-31 12:41:06 INFO  Wunderlist:38 - Status Code =404
2019-10-31 12:41:06 INFO  Wunderlist:55 - check_statusline
2019-10-31 12:41:06 INFO  Wunderlist:57 - Status Line =HTTP/1.1 404 Not Found
2019-10-31 12:41:06 INFO  Wunderlist:27 - check_response
2019-10-31 12:41:06 INFO  Wunderlist:29 - Response =<!DOCTYPE html>
<html>
<head>
  <title>The page you were looking for doesn't exist (404)</title>
  <style>
  body {
    background-color: #EFEFEF;
    color: #2E2F30;
    text-align: center;
    font-family: arial, sans-serif;
  }

  div.dialog {
    width: 25em;
    margin: 4em auto 0 auto;
    border: 1px solid #CCC;
    border-right-color: #999;
    border-left-color: #999;
    border-bottom-color: #BBB;
    border-top: #B00100 solid 4px;
    border-top-left-radius: 9px;
    border-top-right-radius: 9px;
    background-color: white;
    padding: 7px 4em 0 4em;
  }

  h1 {
    font-size: 100%;
    color: #730E15;
    line-height: 1.5em;
  }

  body > p {
    width: 33em;
    margin: 0 auto 1em;
    padding: 1em 0;
    background-color: #F7F7F7;
    border: 1px solid #CCC;
    border-right-color: #999;
    border-bottom-color: #999;
    border-bottom-left-radius: 4px;
    border-bottom-right-radius: 4px;
    border-top-color: #DADADA;
    color: #666;
    box-shadow:0 3px 8px rgba(50, 50, 50, 0.17);
  }
  </style>
</head>

<body>
  <!-- This file lives in public/404.html -->
  <div class="dialog">
    <h1>The page you were looking for doesn't exist.</h1>
    <p>You may have mistyped the address or the page may have moved.</p>
  </div>
  <p>If you are the application owner check the logs for more information.</p>
</body>
</html>

2019-10-31 12:41:06 INFO  Wunderlist:72 - stop_all_info
2019-10-31 12:47:25 INFO  Wunderlist:17 - get_all_info
2019-10-31 12:47:28 INFO  Wunderlist:64 - check_content_type
2019-10-31 12:47:28 INFO  Wunderlist:66 - Content Type =text/html; charset=utf-8
2019-10-31 12:47:28 INFO  Wunderlist:45 - check_responsetime
2019-10-31 12:47:28 INFO  Wunderlist:47 - Response Time =1874
2019-10-31 12:47:28 INFO  Wunderlist:36 - check_statuscode
2019-10-31 12:47:28 INFO  Wunderlist:38 - Status Code =404
2019-10-31 12:47:28 INFO  Wunderlist:55 - check_statusline
2019-10-31 12:47:28 INFO  Wunderlist:57 - Status Line =HTTP/1.1 404 Not Found
2019-10-31 12:47:28 INFO  Wunderlist:27 - check_response
2019-10-31 12:47:28 INFO  Wunderlist:29 - Response =<!DOCTYPE html>
<html>
<head>
  <title>The page you were looking for doesn't exist (404)</title>
  <style>
  body {
    background-color: #EFEFEF;
    color: #2E2F30;
    text-align: center;
    font-family: arial, sans-serif;
  }

  div.dialog {
    width: 25em;
    margin: 4em auto 0 auto;
    border: 1px solid #CCC;
    border-right-color: #999;
    border-left-color: #999;
    border-bottom-color: #BBB;
    border-top: #B00100 solid 4px;
    border-top-left-radius: 9px;
    border-top-right-radius: 9px;
    background-color: white;
    padding: 7px 4em 0 4em;
  }

  h1 {
    font-size: 100%;
    color: #730E15;
    line-height: 1.5em;
  }

  body > p {
    width: 33em;
    margin: 0 auto 1em;
    padding: 1em 0;
    background-color: #F7F7F7;
    border: 1px solid #CCC;
    border-right-color: #999;
    border-bottom-color: #999;
    border-bottom-left-radius: 4px;
    border-bottom-right-radius: 4px;
    border-top-color: #DADADA;
    color: #666;
    box-shadow:0 3px 8px rgba(50, 50, 50, 0.17);
  }
  </style>
</head>

<body>
  <!-- This file lives in public/404.html -->
  <div class="dialog">
    <h1>The page you were looking for doesn't exist.</h1>
    <p>You may have mistyped the address or the page may have moved.</p>
  </div>
  <p>If you are the application owner check the logs for more information.</p>
</body>
</html>

2019-10-31 12:47:28 INFO  Wunderlist:72 - stop_all_info
2019-10-31 12:48:08 INFO  Wunderlist:17 - get_all_info
2019-10-31 12:48:10 INFO  Wunderlist:64 - check_content_type
2019-10-31 12:48:10 INFO  Wunderlist:66 - Content Type =text/html; charset=utf-8
2019-10-31 12:48:10 INFO  Wunderlist:45 - check_responsetime
2019-10-31 12:48:10 INFO  Wunderlist:47 - Response Time =1894
2019-10-31 12:48:10 INFO  Wunderlist:36 - check_statuscode
2019-10-31 12:48:10 INFO  Wunderlist:38 - Status Code =404
2019-10-31 12:48:10 INFO  Wunderlist:55 - check_statusline
2019-10-31 12:48:10 INFO  Wunderlist:57 - Status Line =HTTP/1.1 404 Not Found
2019-10-31 12:48:10 INFO  Wunderlist:27 - check_response
2019-10-31 12:48:10 INFO  Wunderlist:29 - Response =<!DOCTYPE html>
<html>
<head>
  <title>The page you were looking for doesn't exist (404)</title>
  <style>
  body {
    background-color: #EFEFEF;
    color: #2E2F30;
    text-align: center;
    font-family: arial, sans-serif;
  }

  div.dialog {
    width: 25em;
    margin: 4em auto 0 auto;
    border: 1px solid #CCC;
    border-right-color: #999;
    border-left-color: #999;
    border-bottom-color: #BBB;
    border-top: #B00100 solid 4px;
    border-top-left-radius: 9px;
    border-top-right-radius: 9px;
    background-color: white;
    padding: 7px 4em 0 4em;
  }

  h1 {
    font-size: 100%;
    color: #730E15;
    line-height: 1.5em;
  }

  body > p {
    width: 33em;
    margin: 0 auto 1em;
    padding: 1em 0;
    background-color: #F7F7F7;
    border: 1px solid #CCC;
    border-right-color: #999;
    border-bottom-color: #999;
    border-bottom-left-radius: 4px;
    border-bottom-right-radius: 4px;
    border-top-color: #DADADA;
    color: #666;
    box-shadow:0 3px 8px rgba(50, 50, 50, 0.17);
  }
  </style>
</head>

<body>
  <!-- This file lives in public/404.html -->
  <div class="dialog">
    <h1>The page you were looking for doesn't exist.</h1>
    <p>You may have mistyped the address or the page may have moved.</p>
  </div>
  <p>If you are the application owner check the logs for more information.</p>
</body>
</html>

2019-10-31 12:48:10 INFO  Wunderlist:72 - stop_all_info
2019-10-31 12:51:31 INFO  Wunderlist:17 - get_all_info
2019-10-31 12:51:33 INFO  Wunderlist:64 - check_content_type
2019-10-31 12:51:33 INFO  Wunderlist:66 - Content Type =text/html; charset=utf-8
2019-10-31 12:51:33 INFO  Wunderlist:45 - check_responsetime
2019-10-31 12:51:33 INFO  Wunderlist:47 - Response Time =1852
2019-10-31 12:51:33 INFO  Wunderlist:36 - check_statuscode
2019-10-31 12:51:33 INFO  Wunderlist:38 - Status Code =404
2019-10-31 12:51:33 INFO  Wunderlist:55 - check_statusline
2019-10-31 12:51:33 INFO  Wunderlist:57 - Status Line =HTTP/1.1 404 Not Found
2019-10-31 12:51:33 INFO  Wunderlist:27 - check_response
2019-10-31 12:51:33 INFO  Wunderlist:29 - Response =<!DOCTYPE html>
<html>
<head>
  <title>The page you were looking for doesn't exist (404)</title>
  <style>
  body {
    background-color: #EFEFEF;
    color: #2E2F30;
    text-align: center;
    font-family: arial, sans-serif;
  }

  div.dialog {
    width: 25em;
    margin: 4em auto 0 auto;
    border: 1px solid #CCC;
    border-right-color: #999;
    border-left-color: #999;
    border-bottom-color: #BBB;
    border-top: #B00100 solid 4px;
    border-top-left-radius: 9px;
    border-top-right-radius: 9px;
    background-color: white;
    padding: 7px 4em 0 4em;
  }

  h1 {
    font-size: 100%;
    color: #730E15;
    line-height: 1.5em;
  }

  body > p {
    width: 33em;
    margin: 0 auto 1em;
    padding: 1em 0;
    background-color: #F7F7F7;
    border: 1px solid #CCC;
    border-right-color: #999;
    border-bottom-color: #999;
    border-bottom-left-radius: 4px;
    border-bottom-right-radius: 4px;
    border-top-color: #DADADA;
    color: #666;
    box-shadow:0 3px 8px rgba(50, 50, 50, 0.17);
  }
  </style>
</head>

<body>
  <!-- This file lives in public/404.html -->
  <div class="dialog">
    <h1>The page you were looking for doesn't exist.</h1>
    <p>You may have mistyped the address or the page may have moved.</p>
  </div>
  <p>If you are the application owner check the logs for more information.</p>
</body>
</html>

2019-10-31 12:51:33 INFO  Wunderlist:72 - stop_all_info
2019-10-31 12:54:22 INFO  Wunderlist:17 - get_all_info
2019-10-31 12:54:29 INFO  Wunderlist:56 - check_content_type
2019-10-31 12:54:29 INFO  Wunderlist:58 - Content Type =text/html; charset=utf-8
2019-10-31 12:54:29 INFO  Wunderlist:45 - check_responsetime
2019-10-31 12:54:29 INFO  Wunderlist:47 - Response Time =6401
2019-10-31 12:54:29 INFO  Wunderlist:36 - check_statuscode
2019-10-31 12:54:29 INFO  Wunderlist:38 - Status Code =404
2019-10-31 12:54:30 INFO  Wunderlist:27 - check_response
2019-10-31 12:54:30 INFO  Wunderlist:29 - Response =<!DOCTYPE html>
<html>
<head>
  <title>The page you were looking for doesn't exist (404)</title>
  <style>
  body {
    background-color: #EFEFEF;
    color: #2E2F30;
    text-align: center;
    font-family: arial, sans-serif;
  }

  div.dialog {
    width: 25em;
    margin: 4em auto 0 auto;
    border: 1px solid #CCC;
    border-right-color: #999;
    border-left-color: #999;
    border-bottom-color: #BBB;
    border-top: #B00100 solid 4px;
    border-top-left-radius: 9px;
    border-top-right-radius: 9px;
    background-color: white;
    padding: 7px 4em 0 4em;
  }

  h1 {
    font-size: 100%;
    color: #730E15;
    line-height: 1.5em;
  }

  body > p {
    width: 33em;
    margin: 0 auto 1em;
    padding: 1em 0;
    background-color: #F7F7F7;
    border: 1px solid #CCC;
    border-right-color: #999;
    border-bottom-color: #999;
    border-bottom-left-radius: 4px;
    border-bottom-right-radius: 4px;
    border-top-color: #DADADA;
    color: #666;
    box-shadow:0 3px 8px rgba(50, 50, 50, 0.17);
  }
  </style>
</head>

<body>
  <!-- This file lives in public/404.html -->
  <div class="dialog">
    <h1>The page you were looking for doesn't exist.</h1>
    <p>You may have mistyped the address or the page may have moved.</p>
  </div>
  <p>If you are the application owner check the logs for more information.</p>
</body>
</html>

2019-10-31 12:54:30 INFO  Wunderlist:64 - stop_all_info
2019-10-31 15:48:19 INFO  Wunderlist:17 - get_all_info
2019-10-31 15:48:22 INFO  Wunderlist:55 - check_content_type
2019-10-31 15:48:22 INFO  Wunderlist:57 - Content Type =text/html; charset=utf-8
2019-10-31 15:48:22 INFO  Wunderlist:45 - check_responsetime
2019-10-31 15:48:22 INFO  Wunderlist:47 - Response Time =2025
2019-10-31 15:48:22 INFO  Wunderlist:36 - check_statuscode
2019-10-31 15:48:22 INFO  Wunderlist:38 - Status Code =404
2019-10-31 15:48:22 INFO  Wunderlist:27 - check_response
2019-10-31 15:48:22 INFO  Wunderlist:29 - Response =<!DOCTYPE html>
<html>
<head>
  <title>The page you were looking for doesn't exist (404)</title>
  <style>
  body {
    background-color: #EFEFEF;
    color: #2E2F30;
    text-align: center;
    font-family: arial, sans-serif;
  }

  div.dialog {
    width: 25em;
    margin: 4em auto 0 auto;
    border: 1px solid #CCC;
    border-right-color: #999;
    border-left-color: #999;
    border-bottom-color: #BBB;
    border-top: #B00100 solid 4px;
    border-top-left-radius: 9px;
    border-top-right-radius: 9px;
    background-color: white;
    padding: 7px 4em 0 4em;
  }

  h1 {
    font-size: 100%;
    color: #730E15;
    line-height: 1.5em;
  }

  body > p {
    width: 33em;
    margin: 0 auto 1em;
    padding: 1em 0;
    background-color: #F7F7F7;
    border: 1px solid #CCC;
    border-right-color: #999;
    border-bottom-color: #999;
    border-bottom-left-radius: 4px;
    border-bottom-right-radius: 4px;
    border-top-color: #DADADA;
    color: #666;
    box-shadow:0 3px 8px rgba(50, 50, 50, 0.17);
  }
  </style>
</head>

<body>
  <!-- This file lives in public/404.html -->
  <div class="dialog">
    <h1>The page you were looking for doesn't exist.</h1>
    <p>You may have mistyped the address or the page may have moved.</p>
  </div>
  <p>If you are the application owner check the logs for more information.</p>
</body>
</html>

2019-10-31 15:48:22 INFO  Wunderlist:63 - stop_all_info
2019-10-31 16:30:22 INFO  Wunderlist:21 - response
2019-10-31 16:30:26 INFO  Wunderlist:59 - check_content_type
2019-10-31 16:30:26 INFO  Wunderlist:61 - Content Type =text/html; charset=utf-8
2019-10-31 16:30:26 INFO  Wunderlist:31 - check_response
2019-10-31 16:30:26 INFO  Wunderlist:33 - Response =<!DOCTYPE html>
<html>
<head>
  <title>The page you were looking for doesn't exist (404)</title>
  <style>
  body {
    background-color: #EFEFEF;
    color: #2E2F30;
    text-align: center;
    font-family: arial, sans-serif;
  }

  div.dialog {
    width: 25em;
    margin: 4em auto 0 auto;
    border: 1px solid #CCC;
    border-right-color: #999;
    border-left-color: #999;
    border-bottom-color: #BBB;
    border-top: #B00100 solid 4px;
    border-top-left-radius: 9px;
    border-top-right-radius: 9px;
    background-color: white;
    padding: 7px 4em 0 4em;
  }

  h1 {
    font-size: 100%;
    color: #730E15;
    line-height: 1.5em;
  }

  body > p {
    width: 33em;
    margin: 0 auto 1em;
    padding: 1em 0;
    background-color: #F7F7F7;
    border: 1px solid #CCC;
    border-right-color: #999;
    border-bottom-color: #999;
    border-bottom-left-radius: 4px;
    border-bottom-right-radius: 4px;
    border-top-color: #DADADA;
    color: #666;
    box-shadow:0 3px 8px rgba(50, 50, 50, 0.17);
  }
  </style>
</head>

<body>
  <!-- This file lives in public/404.html -->
  <div class="dialog">
    <h1>The page you were looking for doesn't exist.</h1>
    <p>You may have mistyped the address or the page may have moved.</p>
  </div>
  <p>If you are the application owner check the logs for more information.</p>
</body>
</html>

2019-10-31 16:30:26 INFO  Wunderlist:50 - check_responsetime
2019-10-31 16:30:26 INFO  Wunderlist:52 - Response Time =3324
2019-10-31 16:30:26 INFO  Wunderlist:41 - check_statuscode
2019-10-31 16:30:26 INFO  Wunderlist:43 - Status Code =404
2019-10-31 16:30:26 INFO  Wunderlist:67 - stop_all_info
2019-10-31 16:49:34 INFO  Wunderlist:15 - get_all_info
2019-10-31 16:49:41 INFO  Wunderlist:25 - check_response
2019-10-31 16:49:41 INFO  Wunderlist:27 - Response =<!DOCTYPE html>
<html>
<head>
  <title>The page you were looking for doesn't exist (404)</title>
  <style>
  body {
    background-color: #EFEFEF;
    color: #2E2F30;
    text-align: center;
    font-family: arial, sans-serif;
  }

  div.dialog {
    width: 25em;
    margin: 4em auto 0 auto;
    border: 1px solid #CCC;
    border-right-color: #999;
    border-left-color: #999;
    border-bottom-color: #BBB;
    border-top: #B00100 solid 4px;
    border-top-left-radius: 9px;
    border-top-right-radius: 9px;
    background-color: white;
    padding: 7px 4em 0 4em;
  }

  h1 {
    font-size: 100%;
    color: #730E15;
    line-height: 1.5em;
  }

  body > p {
    width: 33em;
    margin: 0 auto 1em;
    padding: 1em 0;
    background-color: #F7F7F7;
    border: 1px solid #CCC;
    border-right-color: #999;
    border-bottom-color: #999;
    border-bottom-left-radius: 4px;
    border-bottom-right-radius: 4px;
    border-top-color: #DADADA;
    color: #666;
    box-shadow:0 3px 8px rgba(50, 50, 50, 0.17);
  }
  </style>
</head>

<body>
  <!-- This file lives in public/404.html -->
  <div class="dialog">
    <h1>The page you were looking for doesn't exist.</h1>
    <p>You may have mistyped the address or the page may have moved.</p>
  </div>
  <p>If you are the application owner check the logs for more information.</p>
</body>
</html>

2019-10-31 16:50:25 INFO  Wunderlist:13 - get_all_info
2019-10-31 16:50:32 INFO  Wunderlist:23 - check_response
2019-10-31 16:50:32 INFO  Wunderlist:25 - Response =<!DOCTYPE html>
<html>
<head>
  <title>The page you were looking for doesn't exist (404)</title>
  <style>
  body {
    background-color: #EFEFEF;
    color: #2E2F30;
    text-align: center;
    font-family: arial, sans-serif;
  }

  div.dialog {
    width: 25em;
    margin: 4em auto 0 auto;
    border: 1px solid #CCC;
    border-right-color: #999;
    border-left-color: #999;
    border-bottom-color: #BBB;
    border-top: #B00100 solid 4px;
    border-top-left-radius: 9px;
    border-top-right-radius: 9px;
    background-color: white;
    padding: 7px 4em 0 4em;
  }

  h1 {
    font-size: 100%;
    color: #730E15;
    line-height: 1.5em;
  }

  body > p {
    width: 33em;
    margin: 0 auto 1em;
    padding: 1em 0;
    background-color: #F7F7F7;
    border: 1px solid #CCC;
    border-right-color: #999;
    border-bottom-color: #999;
    border-bottom-left-radius: 4px;
    border-bottom-right-radius: 4px;
    border-top-color: #DADADA;
    color: #666;
    box-shadow:0 3px 8px rgba(50, 50, 50, 0.17);
  }
  </style>
</head>

<body>
  <!-- This file lives in public/404.html -->
  <div class="dialog">
    <h1>The page you were looking for doesn't exist.</h1>
    <p>You may have mistyped the address or the page may have moved.</p>
  </div>
  <p>If you are the application owner check the logs for more information.</p>
</body>
</html>

2019-10-31 17:03:14 INFO  Wunderlist:13 - get_all_info
2019-10-31 17:45:43 INFO  Wunderlist:13 - get_all_info
2019-10-31 17:49:01 INFO  Wunderlist:13 - get_all_info
2019-10-31 17:49:25 INFO  Wunderlist:13 - get_all_info
2019-10-31 17:50:50 INFO  Wunderlist:13 - get_all_info
2019-10-31 17:50:54 INFO  Wunderlist:23 - check_response
2019-10-31 17:50:54 INFO  Wunderlist:25 - Response =<!DOCTYPE html>
<html>
<head>
  <title>The page you were looking for doesn't exist (404)</title>
  <style>
  body {
    background-color: #EFEFEF;
    color: #2E2F30;
    text-align: center;
    font-family: arial, sans-serif;
  }

  div.dialog {
    width: 25em;
    margin: 4em auto 0 auto;
    border: 1px solid #CCC;
    border-right-color: #999;
    border-left-color: #999;
    border-bottom-color: #BBB;
    border-top: #B00100 solid 4px;
    border-top-left-radius: 9px;
    border-top-right-radius: 9px;
    background-color: white;
    padding: 7px 4em 0 4em;
  }

  h1 {
    font-size: 100%;
    color: #730E15;
    line-height: 1.5em;
  }

  body > p {
    width: 33em;
    margin: 0 auto 1em;
    padding: 1em 0;
    background-color: #F7F7F7;
    border: 1px solid #CCC;
    border-right-color: #999;
    border-bottom-color: #999;
    border-bottom-left-radius: 4px;
    border-bottom-right-radius: 4px;
    border-top-color: #DADADA;
    color: #666;
    box-shadow:0 3px 8px rgba(50, 50, 50, 0.17);
  }
  </style>
</head>

<body>
  <!-- This file lives in public/404.html -->
  <div class="dialog">
    <h1>The page you were looking for doesn't exist.</h1>
    <p>You may have mistyped the address or the page may have moved.</p>
  </div>
  <p>If you are the application owner check the logs for more information.</p>
</body>
</html>

2019-10-31 17:58:55 INFO  Wunderlist:13 - get_all_info
2019-10-31 18:02:22 INFO  Wunderlist:13 - get_all_info
2019-10-31 18:03:23 INFO  Wunderlist:13 - get_all_info
2019-10-31 18:06:47 INFO  Wunderlist:13 - get_all_info
2019-10-31 18:07:00 INFO  Wunderlist:23 - check_response
2019-10-31 18:07:00 INFO  Wunderlist:25 - Response =<!DOCTYPE html>
<html>
<head>
  <title>The page you were looking for doesn't exist (404)</title>
  <style>
  body {
    background-color: #EFEFEF;
    color: #2E2F30;
    text-align: center;
    font-family: arial, sans-serif;
  }

  div.dialog {
    width: 25em;
    margin: 4em auto 0 auto;
    border: 1px solid #CCC;
    border-right-color: #999;
    border-left-color: #999;
    border-bottom-color: #BBB;
    border-top: #B00100 solid 4px;
    border-top-left-radius: 9px;
    border-top-right-radius: 9px;
    background-color: white;
    padding: 7px 4em 0 4em;
  }

  h1 {
    font-size: 100%;
    color: #730E15;
    line-height: 1.5em;
  }

  body > p {
    width: 33em;
    margin: 0 auto 1em;
    padding: 1em 0;
    background-color: #F7F7F7;
    border: 1px solid #CCC;
    border-right-color: #999;
    border-bottom-color: #999;
    border-bottom-left-radius: 4px;
    border-bottom-right-radius: 4px;
    border-top-color: #DADADA;
    color: #666;
    box-shadow:0 3px 8px rgba(50, 50, 50, 0.17);
  }
  </style>
</head>

<body>
  <!-- This file lives in public/404.html -->
  <div class="dialog">
    <h1>The page you were looking for doesn't exist.</h1>
    <p>You may have mistyped the address or the page may have moved.</p>
  </div>
  <p>If you are the application owner check the logs for more information.</p>
</body>
</html>

2019-10-31 18:07:13 INFO  Wunderlist:13 - get_all_info
2019-10-31 18:31:50 INFO  Wunderlist:13 - get_all_info
2019-10-31 18:32:55 INFO  Wunderlist:13 - get_all_info
2019-10-31 18:37:51 INFO  Wunderlist:13 - get_all_info
2019-10-31 18:37:56 INFO  Wunderlist:23 - check_response
2019-10-31 18:37:56 INFO  Wunderlist:25 - Response =<!DOCTYPE html>
<html>
<head>
  <title>The page you were looking for doesn't exist (404)</title>
  <style>
  body {
    background-color: #EFEFEF;
    color: #2E2F30;
    text-align: center;
    font-family: arial, sans-serif;
  }

  div.dialog {
    width: 25em;
    margin: 4em auto 0 auto;
    border: 1px solid #CCC;
    border-right-color: #999;
    border-left-color: #999;
    border-bottom-color: #BBB;
    border-top: #B00100 solid 4px;
    border-top-left-radius: 9px;
    border-top-right-radius: 9px;
    background-color: white;
    padding: 7px 4em 0 4em;
  }

  h1 {
    font-size: 100%;
    color: #730E15;
    line-height: 1.5em;
  }

  body > p {
    width: 33em;
    margin: 0 auto 1em;
    padding: 1em 0;
    background-color: #F7F7F7;
    border: 1px solid #CCC;
    border-right-color: #999;
    border-bottom-color: #999;
    border-bottom-left-radius: 4px;
    border-bottom-right-radius: 4px;
    border-top-color: #DADADA;
    color: #666;
    box-shadow:0 3px 8px rgba(50, 50, 50, 0.17);
  }
  </style>
</head>

<body>
  <!-- This file lives in public/404.html -->
  <div class="dialog">
    <h1>The page you were looking for doesn't exist.</h1>
    <p>You may have mistyped the address or the page may have moved.</p>
  </div>
  <p>If you are the application owner check the logs for more information.</p>
</body>
</html>

2019-10-31 18:41:38 INFO  Wunderlist:13 - get_all_info
2019-10-31 18:44:01 INFO  Wunderlist:13 - get_all_info
